<?xml version="1.0" encoding="UTF-8"?>
<testsuite xmlns:xsi="http://www.w3.org/2001/XMLSchema-instance" xsi:noNamespaceSchemaLocation="https://maven.apache.org/surefire/maven-surefire-plugin/xsd/surefire-test-report-3.0.xsd" version="3.0" name="ru.usupov.bellintegrator.three.ApiTests" time="13.071" tests="4" errors="0" skipped="0" failures="1">
  <properties>
[...]
</properties>
  <testcase name="checkingAvatarsSameOrNot" classname="ru.usupov.bellintegrator.three.ApiTests" time="10.888">
    <failure type="org.opentest4j.AssertionFailedError"><![CDATA[org.opentest4j.AssertionFailedError: Аватары разные ==> expected: <true> but was: <false>
	at ru.usupov.bellintegrator.three.ApiTests.checkingAvatarsSameOrNot(ApiTests.java:33)
]]></failure>
  </testcase>
  <testcase name="unsuccessfulLogin" classname="ru.usupov.bellintegrator.three.ApiTests" time="1.182">
    <system-out><![CDATA[HTTP/1.1 400 Bad Request
Date: Thu, 17 Sep 2020 15:13:00 GMT
Content-Type: application/json; charset=utf-8
Content-Length: 28
Connection: keep-alive
Set-Cookie: __cfduid=d4aef1ad5cf26dc737b3b97752f0fbde41600355580; expires=Sat, 17-Oct-20 15:13:00 GMT; path=/; domain=.reqres.in; HttpOnly; SameSite=Lax; Secure
X-Powered-By: Express
Access-Control-Allow-Origin: *
Etag: W/"1c-NmpazMScs9tOqR7eDEesn+pqC9Q"
Via: 1.1 vegur
CF-Cache-Status: DYNAMIC
cf-request-id: 053e3952f80000b62750a69200000001
Expect-CT: max-age=604800, report-uri="https://report-uri.cloudflare.com/cdn-cgi/beacon/expect-ct"
Server: cloudflare
CF-RAY: 5d43c4cb2fceb627-TLL

{
    "error": "Missing password"
}
]]></system-out>
  </testcase>
  <testcase name="successfulLogin" classname="ru.usupov.bellintegrator.three.ApiTests" time="0.38">
    <system-out><![CDATA[HTTP/1.1 200 OK
Date: Thu, 17 Sep 2020 15:13:01 GMT
Content-Type: application/json; charset=utf-8
Content-Length: 29
Connection: keep-alive
Set-Cookie: __cfduid=d2fd1f5f92c30410afd42e452247c73b01600355581; expires=Sat, 17-Oct-20 15:13:01 GMT; path=/; domain=.reqres.in; HttpOnly; SameSite=Lax; Secure
X-Powered-By: Express
Access-Control-Allow-Origin: *
Etag: W/"1d-lGCrvD6B7Qzk11+2C98+nGhhuec"
Via: 1.1 vegur
CF-Cache-Status: DYNAMIC
cf-request-id: 053e39558c0000b62d8ebf5200000001
Expect-CT: max-age=604800, report-uri="https://report-uri.cloudflare.com/cdn-cgi/beacon/expect-ct"
Server: cloudflare
CF-RAY: 5d43c4cf497ab62d-TLL

{
    "token": "QpwL5tke4Pnpja7X4"
}
]]></system-out>
  </testcase>
  <testcase name="sortByYears" classname="ru.usupov.bellintegrator.three.ApiTests" time="0.567"/>
</testsuite>